/home/vagrant/.rvm/gems/ruby-3.0.2/gems/spring-4.0.0/lib/spring/application.rb:156:in `reopen': /dev/null can't change access mode from "r" to "w" (ArgumentError)
	from /home/vagrant/.rvm/gems/ruby-3.0.2/gems/spring-4.0.0/lib/spring/application.rb:156:in `block in serve'
	from /home/vagrant/.rvm/gems/ruby-3.0.2/gems/spring-4.0.0/lib/spring/application.rb:156:in `each'
	from /home/vagrant/.rvm/gems/ruby-3.0.2/gems/spring-4.0.0/lib/spring/application.rb:156:in `serve'
	from /home/vagrant/.rvm/gems/ruby-3.0.2/gems/spring-4.0.0/lib/spring/application.rb:144:in `block in run'
	from /home/vagrant/.rvm/gems/ruby-3.0.2/gems/spring-4.0.0/lib/spring/application.rb:138:in `loop'
	from /home/vagrant/.rvm/gems/ruby-3.0.2/gems/spring-4.0.0/lib/spring/application.rb:138:in `run'
	from /home/vagrant/.rvm/gems/ruby-3.0.2/gems/spring-4.0.0/lib/spring/application/boot.rb:19:in `<top (required)>'
	from <internal:/home/vagrant/.rvm/rubies/ruby-3.0.2/lib/ruby/3.0.0/rubygems/core_ext/kernel_require.rb>:85:in `require'
	from <internal:/home/vagrant/.rvm/rubies/ruby-3.0.2/lib/ruby/3.0.0/rubygems/core_ext/kernel_require.rb>:85:in `require'
	from -e:1:in `<main>'
/home/vagrant/.rvm/gems/ruby-3.0.2/gems/spring-4.0.0/lib/spring/application.rb:156:in `reopen': /dev/null can't change access mode from "r" to "w" (ArgumentError)
	from /home/vagrant/.rvm/gems/ruby-3.0.2/gems/spring-4.0.0/lib/spring/application.rb:156:in `block in serve'
	from /home/vagrant/.rvm/gems/ruby-3.0.2/gems/spring-4.0.0/lib/spring/application.rb:156:in `each'
	from /home/vagrant/.rvm/gems/ruby-3.0.2/gems/spring-4.0.0/lib/spring/application.rb:156:in `serve'
	from /home/vagrant/.rvm/gems/ruby-3.0.2/gems/spring-4.0.0/lib/spring/application.rb:144:in `block in run'
	from /home/vagrant/.rvm/gems/ruby-3.0.2/gems/spring-4.0.0/lib/spring/application.rb:138:in `loop'
	from /home/vagrant/.rvm/gems/ruby-3.0.2/gems/spring-4.0.0/lib/spring/application.rb:138:in `run'
	from /home/vagrant/.rvm/gems/ruby-3.0.2/gems/spring-4.0.0/lib/spring/application/boot.rb:19:in `<top (required)>'
	from <internal:/home/vagrant/.rvm/rubies/ruby-3.0.2/lib/ruby/3.0.0/rubygems/core_ext/kernel_require.rb>:85:in `require'
	from <internal:/home/vagrant/.rvm/rubies/ruby-3.0.2/lib/ruby/3.0.0/rubygems/core_ext/kernel_require.rb>:85:in `require'
	from -e:1:in `<main>'
/home/vagrant/.rvm/gems/ruby-3.0.2/gems/spring-4.1.0/lib/spring/application.rb:160:in `reopen': <STDIN> can't change access mode from "r" to "w" (ArgumentError)
	from /home/vagrant/.rvm/gems/ruby-3.0.2/gems/spring-4.1.0/lib/spring/application.rb:160:in `block in serve'
	from /home/vagrant/.rvm/gems/ruby-3.0.2/gems/spring-4.1.0/lib/spring/application.rb:160:in `each'
	from /home/vagrant/.rvm/gems/ruby-3.0.2/gems/spring-4.1.0/lib/spring/application.rb:160:in `serve'
	from /home/vagrant/.rvm/gems/ruby-3.0.2/gems/spring-4.1.0/lib/spring/application.rb:148:in `block in run'
	from /home/vagrant/.rvm/gems/ruby-3.0.2/gems/spring-4.1.0/lib/spring/application.rb:142:in `loop'
	from /home/vagrant/.rvm/gems/ruby-3.0.2/gems/spring-4.1.0/lib/spring/application.rb:142:in `run'
	from /home/vagrant/.rvm/gems/ruby-3.0.2/gems/spring-4.1.0/lib/spring/application/boot.rb:19:in `<top (required)>'
	from <internal:/home/vagrant/.rvm/rubies/ruby-3.0.2/lib/ruby/3.0.0/rubygems/core_ext/kernel_require.rb>:85:in `require'
	from <internal:/home/vagrant/.rvm/rubies/ruby-3.0.2/lib/ruby/3.0.0/rubygems/core_ext/kernel_require.rb>:85:in `require'
	from -e:1:in `<main>'
